2016-10-18 10:50:56,003 [main] INFO  sagex.phoenix.Phoenix - Initializing Phoenix - Version: ??
2016-10-18 10:50:56,003 [main] INFO  sagex.phoenix.Phoenix - Java classpath: C:\Program Files (x86)\SageTV\SageTV\JARs\Gemstone.jar;C:\Program Files (x86)\SageTV\SageTV\JARs\GoogleWeather.jar;C:\Program Files (x86)\SageTV\SageTV\JARs\Sage.jar;C:\Program Files (x86)\SageTV\SageTV\JARs\ant.jar;C:\Program Files (x86)\SageTV\SageTV\JARs\api-common-2.0.jar;C:\Program Files (x86)\SageTV\SageTV\JARs\cling-core-2.0.1.jar;C:\Program Files (x86)\SageTV\SageTV\JARs\cling-support-2.0.1.jar;C:\Program Files (x86)\SageTV\SageTV\JARs\commons-codec-1.9.jar;C:\Program Files (x86)\SageTV\SageTV\JARs\commons-dbutils-1.3.jar;C:\Program Files (x86)\SageTV\SageTV\JARs\commons-io-2.4.jar;C:\Program Files (x86)\SageTV\SageTV\JARs\commons-jxpath-1.1.jar;C:\Program Files (x86)\SageTV\SageTV\JARs\commons-lang-2.4.jar;C:\Program Files (x86)\SageTV\SageTV\JARs\commons-lang3-3.4.jar;C:\Program Files (x86)\SageTV\SageTV\JARs\commons-logging-1.2.jar;C:\Program Files (x86)\SageTV\SageTV\JARs\commons-net-1.4.1.jar;C:\Program Files (x86)\SageTV\SageTV\JARs\core-3.1.1.jar;C:\Program Files (x86)\SageTV\SageTV\JARs\dom4j-1.6.1.jar;C:\Program Files (x86)\SageTV\SageTV\JARs\gkusnick.sagetv.jar;C:\Program Files (x86)\SageTV\SageTV\JARs\gkusnick.sagetv.studio.jar;C:\Program Files (x86)\SageTV\SageTV\JARs\gkusnick.sagetv.studio.tools.jar;C:\Program Files (x86)\SageTV\SageTV\JARs\gson-1.7.2.jar;C:\Program Files (x86)\SageTV\SageTV\JARs\hamcrest-core-1.3.jar;C:\Program Files (x86)\SageTV\SageTV\JARs\htmlparser-1.6.jar;C:\Program Files (x86)\SageTV\SageTV\JARs\httpclient-4.5.1.jar;C:\Program Files (x86)\SageTV\SageTV\JARs\httpcore-4.4.3.jar;C:\Program Files (x86)\SageTV\SageTV\JARs\jackson-annotations-2.6.3.jar;C:\Program Files (x86)\SageTV\SageTV\JARs\jackson-core-2.6.3.jar;C:\Program Files (x86)\SageTV\SageTV\JARs\jackson-databind-2.6.3.jar;C:\Program Files (x86)\SageTV\SageTV\JARs\jcifs-1.1.6.jar;C:\Program Files (x86)\SageTV\SageTV\JARs\jdic.jar;C:\Program Files (x86)\SageTV\SageTV\JARs\jetty-6.1.19.jar;C:\Program Files (x86)\SageTV\SageTV\JARs\jetty-ajp-6.1.19.jar;C:\Program Files (x86)\SageTV\SageTV\JARs\jetty-rewrite-handler-6.1.19.jar;C:\Program Files (x86)\SageTV\SageTV\JARs\jetty-sslengine-6.1.19.jar;C:\Program Files (x86)\SageTV\SageTV\JARs\jetty-starter.jar;C:\Program Files (x86)\SageTV\SageTV\JARs\jetty-util-6.1.19.jar;C:\Program Files (x86)\SageTV\SageTV\JARs\jsoup.jar;C:\Program Files (x86)\SageTV\SageTV\JARs\jsp-2.1-jetty-6.1.19.jar;C:\Program Files (x86)\SageTV\SageTV\JARs\jsp-2.1.jar;C:\Program Files (x86)\SageTV\SageTV\JARs\jsp-api-2.1.jar;C:\Program Files (x86)\SageTV\SageTV\JARs\junit-4.12.jar;C:\Program Files (x86)\SageTV\SageTV\JARs\log4j-1.2.17.jar;C:\Program Files (x86)\SageTV\SageTV\JARs\lucene-core-3.6.0.jar;C:\Program Files (x86)\SageTV\SageTV\JARs\minimal-json.jar;C:\Program Files (x86)\SageTV\SageTV\JARs\nielm_sageimdb.jar;C:\Program Files (x86)\SageTV\SageTV\JARs\nielm_sageutls.jar;C:\Program Files (x86)\SageTV\SageTV\JARs\phoenix.jar;C:\Program Files (x86)\SageTV\SageTV\JARs\sagex-api.jar;C:\Program Files (x86)\SageTV\SageTV\JARs\sbbi-upnplib-1.0.3.jar;C:\Program Files (x86)\SageTV\SageTV\JARs\seamless-http-1.1.0.jar;C:\Program Files (x86)\SageTV\SageTV\JARs\seamless-util-1.1.0.jar;C:\Program Files (x86)\SageTV\SageTV\JARs\seamless-xml-1.1.0.jar;C:\Program Files (x86)\SageTV\SageTV\JARs\servlet-api-2.5-6.1.19.jar;C:\Program Files (x86)\SageTV\SageTV\JARs\slf4j-api-1.7.12.jar;C:\Program Files (x86)\SageTV\SageTV\JARs\slf4j-log4j12-1.7.12.jar;C:\Program Files (x86)\SageTV\SageTV\JARs\themoviedbapi-4.1.jar;C:\Program Files (x86)\SageTV\SageTV\JARs\thetvdbapi-1.8.jar;C:\Program Files (x86)\SageTV\SageTV\JARs\validation-api-1.1.0.Final.jar;C:\Program Files (x86)\SageTV\SageTV\JARs\vecmath.jar;C:\Users\skyea\Documents\NetBeansProjects\SageCollegeProject\build\classes
2016-10-18 10:50:56,004 [main] INFO  sagex.phoenix.Phoenix - Java Impl: Oracle Corporation - 1.7.0_79
2016-10-18 10:50:56,004 [main] INFO  sagex.phoenix.Phoenix - OS: Windows 8.1 - amd64 - 6.3
2016-10-18 10:50:56,004 [main] INFO  sagex.phoenix.Phoenix - User: skyea
2016-10-18 10:50:56,004 [main] INFO  sagex.phoenix.Phoenix - Registering System Message Handler to the Event Bus
2016-10-18 10:50:56,005 [main] INFO  sagex.phoenix.event.SimpleEventBus - Registering Event Handler: sagex.phoenix.event.SageSystemMessageListener for Event Type: phoenix.SystemMessage
2016-10-18 10:50:56,019 [main] INFO  sagex.phoenix.configuration.ConfigurationMetadataManager - Begin Loading Configuration Metadata
2016-10-18 10:50:56,034 [main] INFO  sagex.phoenix.configuration.ConfigurationMetadataManager - End Loading Configuration Metadata
2016-10-18 10:50:56,036 [main] INFO  sagex.phoenix.Phoenix - Configuration Metadata Initialized
2016-10-18 10:50:56,109 [main] INFO  sagex.phoenix.event.SimpleEventBus - Registering Event Handler: sagex.phoenix.event.ReflectionEventListener for Event Type: PlaybackStopped
2016-10-18 10:50:56,110 [main] INFO  sagex.phoenix.event.SimpleEventBus - Registering Event Handler: sagex.phoenix.event.ReflectionEventListener for Event Type: PlaybackFinished
2016-10-18 10:50:56,115 [main] INFO  sagex.phoenix.Phoenix - Phoenix base system initialized.
2016-10-18 10:50:56,115 [main] INFO  sagex.phoenix.Phoenix - Initializing Phoenix Services
2016-10-18 10:50:56,119 [main] INFO  sagex.phoenix.vfs.VFSManager - Rebuilding VFS Cache .\userdata\Phoenix\cache\vfs-cached.xml
2016-10-18 10:50:56,207 [main] WARN  phoenix.log - VFS: Missing DTD File: C:\Users\skyea\Documents\NetBeansProjects\SageCollegeProject\.\STVs\Phoenix\vfs\vfs.dtd for null
2016-10-18 10:50:56,289 [main] WARN  sagex.phoenix.vfs.VFSManager - Failed to Write VFS Cache File: .\userdata\Phoenix\cache\vfs-cached.xml
java.io.IOException: New Document does not validate!
	at sagex.phoenix.vfs.VFSOrganizer.writeTo(VFSOrganizer.java:162)
	at sagex.phoenix.vfs.VFSManager.rebuildCache(VFSManager.java:249)
	at sagex.phoenix.vfs.VFSManager.loadConfigurations(VFSManager.java:209)
	at sagex.phoenix.Phoenix.initServices(Phoenix.java:237)
	at sagex.phoenix.Phoenix.<clinit>(Phoenix.java:98)
	at phoenix.impl.ViewAPI.CreateView(ViewAPI.java:139)
	at phoenix.umb.CreateView(umb.java:155)
	at SageCollegeProject.menu.buildView(menu.java:71)
	at SageCollegeProject.menu.BuildAllViews(menu.java:61)
	at SageCollegeProject.menu.main(menu.java:28)
Caused by: org.dom4j.DocumentException: C:\Users\skyea\Documents\NetBeansProjects\SageCollegeProject\vfs.dtd (The system cannot find the file specified) Nested exception: C:\Users\skyea\Documents\NetBeansProjects\SageCollegeProject\vfs.dtd (The system cannot find the file specified)
	at org.dom4j.io.SAXReader.read(SAXReader.java:484)
	at org.dom4j.io.SAXReader.read(SAXReader.java:365)
	at sagex.phoenix.vfs.VFSOrganizer.writeTo(VFSOrganizer.java:160)
	... 9 more
2016-10-18 10:50:56,292 [main] INFO  sagex.phoenix.event.SimpleEventBus - Registering Event Handler: sagex.phoenix.event.ReflectionEventListener for Event Type: phoenix.vfs.reload
2016-10-18 10:50:56,292 [main] INFO  sagex.phoenix.Phoenix - VFS Initialized
2016-10-18 10:50:56,292 [main] INFO  sagex.phoenix.menu.MenuManager - Begin Loading Menus
2016-10-18 10:50:56,295 [main] INFO  sagex.phoenix.menu.MenuManager - Adjusting menu item visibility based on stored settings
2016-10-18 10:50:56,295 [main] INFO  sagex.phoenix.menu.MenuManager - Processing Menu Fragments...
2016-10-18 10:50:56,295 [main] INFO  sagex.phoenix.menu.MenuManager - Ordering Menu Items...
2016-10-18 10:50:56,295 [main] INFO  sagex.phoenix.menu.MenuManager - End Loading Menus
2016-10-18 10:50:56,295 [main] INFO  sagex.phoenix.Phoenix - Menus Initialized
2016-10-18 10:50:56,295 [main] INFO  sagex.phoenix.skins.SkinManager - Begin Loading Skins
2016-10-18 10:50:56,298 [main] INFO  sagex.phoenix.skins.SkinManager - End Loading Skins
2016-10-18 10:50:56,298 [main] INFO  sagex.phoenix.Phoenix - Skins Initialized
2016-10-18 10:50:56,298 [main] INFO  sagex.phoenix.metadata.MetadataManager - Begin Loading Metadata Providers
2016-10-18 10:50:56,301 [main] INFO  sagex.phoenix.metadata.MetadataManager - End Loading Metadata Providers
2016-10-18 10:50:56,301 [main] INFO  sagex.phoenix.Phoenix - Metadata Scrapers Initialized
2016-10-18 10:50:56,301 [main] INFO  sagex.phoenix.metadata.search.MovieScraperManager - Begin Loading Movie Filename Scrapers
2016-10-18 10:50:56,305 [main] INFO  sagex.phoenix.metadata.search.MovieScraperManager - End Loading Movie Filename Scrapers
2016-10-18 10:50:56,305 [main] INFO  sagex.phoenix.Phoenix - Movie Filename Scrapers Initialized
2016-10-18 10:50:56,305 [main] INFO  sagex.phoenix.metadata.search.TVScraperManager - Begin Loading TV Filename Scrapers
2016-10-18 10:50:56,308 [main] INFO  sagex.phoenix.metadata.search.TVScraperManager - End Loading TV Filename Scrapers
2016-10-18 10:50:56,308 [main] INFO  sagex.phoenix.Phoenix - TV Filename Scrapers Initialized
2016-10-18 10:50:56,308 [main] INFO  sagex.phoenix.metadata.RatingsManager - Begin Loading Ratings Map
2016-10-18 10:50:56,312 [main] INFO  sagex.phoenix.metadata.RatingsManager - End Loading Ratings Map
2016-10-18 10:50:56,312 [main] INFO  sagex.phoenix.Phoenix - Ratings Manager Initialized
2016-10-18 10:50:56,312 [main] INFO  sagex.phoenix.metadata.search.FileMatcherManager - Begin loading Title Matchers
2016-10-18 10:50:56,315 [main] INFO  sagex.phoenix.metadata.search.FileMatcherManager - End loading Title Matchers
2016-10-18 10:50:56,315 [main] INFO  sagex.phoenix.Phoenix - MediaTitles.xml Initialized
2016-10-18 10:50:56,315 [main] INFO  sagex.phoenix.vfs.ov.OnlineVideosUrlResolverManager - Being Loading URL Resolvers
2016-10-18 10:50:56,319 [main] INFO  sagex.phoenix.vfs.ov.OnlineVideosUrlResolverManager - End Loading URL Resolvers
2016-10-18 10:50:56,319 [main] INFO  sagex.phoenix.Phoenix - URL Resolvers has been loaded
2016-10-18 10:50:56,321 [main] INFO  sagex.phoenix.Phoenix - Scripting Services Factory initialized
2016-10-18 10:50:56,325 [main] INFO  sagex.phoenix.util.url.CachedUrlCleanupTask - Url Cleanup Task Created monitoring .\userdata\Phoenix\cache\url
2016-10-18 10:50:56,325 [main] INFO  sagex.phoenix.util.TaskManager - Adding Scheduled Task: urlcachecleaner; Date: Tue Oct 18 10:50:56 CDT 2016; Repeat: 86400000
2016-10-18 10:50:56,326 [main] INFO  sagex.phoenix.Phoenix - Core Scheduled Tasks Initialized
2016-10-18 10:50:56,350 [main] INFO  sagex.phoenix.Phoenix - Phoenix Services initialized.
2016-10-18 10:50:56,350 [main] WARN  phoenix.impl.ViewAPI - Invalid View: sagecollegeproject.allTVseasons
